#
# A fatal error has been detected by the Java Runtime Environment:
#
#  EXCEPTION_ACCESS_VIOLATION (0xc0000005) at pc=0x00007ffbb8aa81f8, pid=29940, tid=9476
#
# JRE version: OpenJDK Runtime Environment (21.0.6) (build 21.0.6+-13368085-b895.109)
# Java VM: OpenJDK 64-Bit Server VM (21.0.6+-13368085-b895.109, mixed mode, tiered, compressed oops, compressed class ptrs, g1 gc, windows-amd64)
# Problematic frame:
# V  [jvm.dll+0x5e81f8]
#
# No core dump will be written. Minidumps are not enabled by default on client versions of Windows
#
# If you would like to submit a bug report, please visit:
#   https://youtrack.jetbrains.com/issues/JBR
#

---------------  S U M M A R Y ------------

Command Line: org.jetbrains.kotlin.cli.jvm.K2JVMCompiler @C:\Users\frann\AndroidStudioProjects\Parcial-TP3\app\build\20250531_5355641966088773550.compiler.options

Host: Intel(R) Core(TM) i9-14900HX, 32 cores, 31G,  Windows 11 , 64 bit Build 26100 (10.0.26100.4202)
Time: Sat May 31 16:29:01 2025 Hora estándar de Argentina elapsed time: 12.685015 seconds (0d 0h 0m 12s)

---------------  T H R E A D  ---------------

Current thread (0x0000021634101380):  JavaThread "C2 CompilerThread0" daemon [_thread_in_native, id=9476, stack(0x00000090fd000000,0x00000090fd100000) (1024K)]


Current CompileTask:
C2:12685 19033   !   4       org.jetbrains.kotlin.codegen.optimization.common.FastAnalyzer::analyzeMainLoop (350 bytes)

Stack: [0x00000090fd000000,0x00000090fd100000],  sp=0x00000090fd0fbfa0,  free space=1007k
Native frames: (J=compiled Java code, j=interpreted, Vv=VM code, C=native code)
V  [jvm.dll+0x5e81f8]
V  [jvm.dll+0x60d0c7]
V  [jvm.dll+0x610a1c]
V  [jvm.dll+0x61095b]
V  [jvm.dll+0x5fab18]
V  [jvm.dll+0x250d92]
V  [jvm.dll+0x25114f]
V  [jvm.dll+0x2498f5]
V  [jvm.dll+0x24714e]
V  [jvm.dll+0x1c5f04]
V  [jvm.dll+0x2569ac]
V  [jvm.dll+0x254ef6]
V  [jvm.dll+0x3f0e96]
V  [jvm.dll+0x806ed8]
V  [jvm.dll+0x6cef0d]
C  [ucrtbase.dll+0x37b0]
C  [KERNEL32.DLL+0x2e8d7]
C  [ntdll.dll+0x3c34c]


siginfo: EXCEPTION_ACCESS_VIOLATION (0xc0000005), reading address 0x0000000000000011


Registers:
RAX=0x000002163f749788, RBX=0x000002163f749748, RCX=0x00000090fd0fc3f0, RDX=0x0000000000001000
RSP=0x00000090fd0fbfa0, RBP=0x000000000000003b, RSI=0x0000000000000001, RDI=0x000000000000090d
R8 =0x0000000000000a77, R9 =0x0000000010000000, R10=0x000002163f749810, R11=0x00000090fd0fc018
R12=0x00000216400145b0, R13=0x00000090fd0fc3f0, R14=0x00000216400145b0, R15=0x000002163f749820
RIP=0x00007ffbb8aa81f8, EFLAGS=0x0000000000010202

XMM[0]=0x0000000000000000 0x0000000000000000
XMM[1]=0x0000000000000000 0x000000003e3a2e8c
XMM[2]=0x0000000000000000 0x000000003f7fe669
XMM[3]=0x0000021639efbad8 0x0000021639efb9f8
XMM[4]=0x0000021639efc8a0 0x0000021639efc7c0
XMM[5]=0x000002163484b8f0 0x000002163b864790
XMM[6]=0x0000000000000000 0x0000000000000000
XMM[7]=0x0000000000000000 0x0000000000000000
XMM[8]=0x0000000000000000 0x0000000000000000
XMM[9]=0x0000000000000000 0x0000000000000000
XMM[10]=0x0000000000000000 0x0000000000000000
XMM[11]=0x0000000000000000 0x0000000000000000
XMM[12]=0x0000000000000000 0x0000000000000000
XMM[13]=0x0000000000000000 0x0000000000000000
XMM[14]=0x0000000000000000 0x0000000000000000
XMM[15]=0x0000000000000000 0x0000000000000000
  MXCSR=0x00001fa0


Register to memory mapping:

RAX=0x000002163f749788 points into unknown readable memory: 0x000002163f749670 | 70 96 74 3f 16 02 00 00
RBX=0x000002163f749748 points into unknown readable memory: 0x00007ffbb8dec218 | 18 c2 de b8 fb 7f 00 00
RCX=0x00000090fd0fc3f0 is pointing into the stack for thread: 0x0000021634101380
RDX=4096 is a compressed pointer to class: 0x0000000800001000
org.jetbrains.kotlin.com.intellij.openapi.progress.ProcessCanceledException {0x0000000800001008}
 - instance size:     5
 - klass size:        78
 - access:            public synchronized 
 - flags:             has_nonstatic_fields should_verify_class has_localvariable_table 
 - state:             loaded
 - name:              'org/jetbrains/kotlin/com/intellij/openapi/progress/ProcessCanceledException'
 - super:             'java/lang/RuntimeException'
 - sub:               'org/jetbrains/kotlin/progress/CompilationCanceledException'   
 - arrays:            null
 - methods:           Array<T>(0x000002163550ac40)
 - method ordering:   Array<T>(0x0000021635000018)
 - local interfaces:  Array<T>(0x000002163550ab68)
 - trans. interfaces: Array<T>(0x000002163550afd8)
 - constants:         constant pool [58] {0x000002163550a920} for 'org/jetbrains/kotlin/com/intellij/openapi/progress/ProcessCanceledException'
 - class loader data:  loader data: 0x00000216341551a0 for instance a 'jdk/internal/loader/ClassLoaders$AppClassLoader'{0x0000000605000000}
 - source file:       'ProcessCanceledException.java'
 - inner classes:     Array<T>(0x0000021635000028)
 - nest members:     Array<T>(0x0000021635000028)
 - permitted subclasses:     Array<T>(0x0000021635000028)
 - java mirror:       a 'java/lang/Class'{0x0000000605489428} = 'org/jetbrains/kotlin/com/intellij/openapi/progress/ProcessCanceledException'
 - vtable length      15  (start addr: 0x00000008000011e0)
 - itable length      2 (start addr: 0x0000000800001258)
 - ---- static fields (0 words):
 - ---- non-static fields (6 words):
 - private transient 'depth' 'I' @12 
 - private transient 'backtrace' 'Ljava/lang/Object;' @16 
 - private 'detailMessage' 'Ljava/lang/String;' @20 
 - private 'cause' 'Ljava/lang/Throwable;' @24 
 - private 'stackTrace' '[Ljava/lang/StackTraceElement;' @28 
 - private 'suppressedExceptions' 'Ljava/util/List;' @32 
 - non-static oop maps: 16-32 
RSP=0x00000090fd0fbfa0 is pointing into the stack for thread: 0x0000021634101380
RBP=0x000000000000003b is an unknown value
RSI=0x0000000000000001 is an unknown value
RDI=0x000000000000090d is an unknown value
R8 =0x0000000000000a77 is an unknown value
R9 =0x0000000010000000 is an unknown value
R10=0x000002163f749810 points into unknown readable memory: 0x0000000000000000 | 00 00 00 00 00 00 00 00
R11=0x00000090fd0fc018 is pointing into the stack for thread: 0x0000021634101380
R12=0x00000216400145b0 points into unknown readable memory: 0x00007ffbb8dec490 | 90 c4 de b8 fb 7f 00 00
R13=0x00000090fd0fc3f0 is pointing into the stack for thread: 0x0000021634101380
R14=0x00000216400145b0 points into unknown readable memory: 0x00007ffbb8dec490 | 90 c4 de b8 fb 7f 00 00
R15=0x000002163f749820 points into unknown readable memory: 0x00007ffbb8dec070 | 70 c0 de b8 fb 7f 00 00

Top of Stack: (sp=0x00000090fd0fbfa0)
0x00000090fd0fbfa0:   00000090fd0fc3f0 00007ffbb8ad1b65
0x00000090fd0fbfb0:   00000090fd0fc3f0 00007ffbb8acaa73
0x00000090fd0fbfc0:   00000090fd0fc3f0 00007ffbb8acd0c7
0x00000090fd0fbfd0:   000002163f749748 0000000000000001
0x00000090fd0fbfe0:   000002163f749820 000002163f7497d0
0x00000090fd0fbff0:   00000090fd0fc3f0 000002163f749820
0x00000090fd0fc000:   00000216400145b0 000000000000001c
0x00000090fd0fc010:   00000090fd0fc3f0 00007ffbb8ad0a1c
0x00000090fd0fc020:   00000090fd0fc130 0000000000000001
0x00000090fd0fc030:   00000216400145b0 00007ffbb8ad0f83
0x00000090fd0fc040:   0000000000000023 0000000000000042
0x00000090fd0fc050:   000002163f749820 0000000000000001
0x00000090fd0fc060:   00000216400145b0 00007ffbb8ad095b
0x00000090fd0fc070:   000000000000001c 00000090fd0fc130
0x00000090fd0fc080:   000000000000003b 0000000000000001
0x00000090fd0fc090:   0000000000000000 0000000000000000
0x00000090fd0fc0a0:   00000090fd0fc3f0 000002163b86a628
0x00000090fd0fc0b0:   00000090fd0fc1c0 00007ffbb8abab18
0x00000090fd0fc0c0:   0000000000000000 00000090fd0fc110
0x00000090fd0fc0d0:   00000216130ec040 000002163d2d0840
0x00000090fd0fc0e0:   00000090fd0fc130 00000090fd0fc0f0
0x00000090fd0fc0f0:   00000216306eb4a0 0000021600000400
0x00000090fd0fc100:   0000021634972b60 0000021600000000
0x00000090fd0fc110:   000076e600000080 000002163a77a9f0
0x00000090fd0fc120:   000076e600000080 00000216306eb4a0
0x00000090fd0fc130:   000002163a7756d0 000002163a77a4e0
0x00000090fd0fc140:   000002163a775020 00000216306eb4a0
0x00000090fd0fc150:   00000216306eb4a0 0000021600000004
0x00000090fd0fc160:   00000216415f4c60 00007ffb00000000
0x00000090fd0fc170:   00000216355544d8 0000000000000000
0x00000090fd0fc180:   0000021634101380 00000090fd0fc350
0x00000090fd0fc190:   0000021634101380 00007ffbb8703be5 

Instructions: (pc=0x00007ffbb8aa81f8)
0x00007ffbb8aa80f8:   c1 ed 05 3b 6b 20 72 0b 8b d5 48 8d 4b 20 e8 05
0x00007ffbb8aa8108:   d6 25 00 48 8b 43 28 41 83 e6 1f 48 8d 14 a8 41
0x00007ffbb8aa8118:   0f b6 ce 41 b8 01 00 00 00 41 d3 e0 8b 0a 41 8b
0x00007ffbb8aa8128:   c0 0b c1 89 02 44 85 c1 75 20 8b 73 18 8d 46 01
0x00007ffbb8aa8138:   89 43 18 3b 73 08 72 0a 8b d6 48 8b cb e8 26 53
0x00007ffbb8aa8148:   0c 00 48 8b 43 10 48 89 3c f0 48 8b 47 08 48 8b
0x00007ffbb8aa8158:   08 48 8b 41 08 48 8b 38 48 85 ff 0f 85 a7 fe ff
0x00007ffbb8aa8168:   ff 4c 8b 74 24 60 48 8b 74 24 58 48 8b 6c 24 50
0x00007ffbb8aa8178:   4c 8b 7c 24 20 48 83 c4 28 41 5d 41 5c 5f 5b c3
0x00007ffbb8aa8188:   cc cc cc cc cc cc cc cc 48 89 5c 24 08 48 89 74
0x00007ffbb8aa8198:   24 10 57 48 83 ec 20 8b 7a 28 8b 51 20 3b fa 73
0x00007ffbb8aa81a8:   0a 48 8b 59 28 48 8b 1c fb eb 02 33 db 48 83 e3
0x00007ffbb8aa81b8:   fe 48 8b 43 08 48 83 38 00 75 35 8b 43 28 3b c2
0x00007ffbb8aa81c8:   73 0a 48 8b 59 28 48 8b 1c c3 eb 02 33 db 48 83
0x00007ffbb8aa81d8:   e3 fe 4c 8b cb 48 8b 43 08 4c 8b 00 4d 85 c0 74
0x00007ffbb8aa81e8:   da 8b 43 2c 49 8b d8 83 e0 07 3c 05 49 0f 45 d9
0x00007ffbb8aa81f8:   48 8d 71 18 3b fa 72 0a 8b d7 48 8b ce e8 66 52
0x00007ffbb8aa8208:   0c 00 48 8b 46 10 48 8d 53 01 48 8b 74 24 38 48
0x00007ffbb8aa8218:   89 14 f8 48 8b c3 48 8b 5c 24 30 48 83 c4 20 5f
0x00007ffbb8aa8228:   c3 cc cc cc cc cc cc cc 48 8b 41 08 33 d2 48 8b
0x00007ffbb8aa8238:   00 8b 48 2c 81 e1 ff 01 00 00 81 f9 15 01 00 00
0x00007ffbb8aa8248:   48 0f 45 c2 c3 cc cc cc 8b 42 28 3b 41 20 73 11
0x00007ffbb8aa8258:   8b d0 48 8b 41 28 48 8b 0c d0 80 e1 01 0f b6 c1
0x00007ffbb8aa8268:   c3 33 c9 80 e1 01 0f b6 c1 c3 cc cc cc cc cc cc
0x00007ffbb8aa8278:   cc cc cc cc cc cc cc cc 8b 52 28 4c 8b c1 48 8b
0x00007ffbb8aa8288:   81 c8 00 00 00 4c 8d 0c d0 48 8b 04 d0 48 8b 50
0x00007ffbb8aa8298:   08 48 83 3a 00 75 24 8b 51 20 8b 48 28 3b ca 73
0x00007ffbb8aa82a8:   0a 49 8b 40 28 48 8b 04 c8 eb 02 33 c0 48 83 e0
0x00007ffbb8aa82b8:   fe 48 8b 48 08 48 83 39 00 74 df 49 89 01 c3 cc
0x00007ffbb8aa82c8:   cc cc cc cc cc cc cc cc 48 89 5c 24 08 48 89 6c
0x00007ffbb8aa82d8:   24 10 48 89 74 24 18 57 48 83 ec 20 8b 6a 28 48
0x00007ffbb8aa82e8:   8b f2 8b fd 48 8b d9 c1 ef 05 3b 39 72 07 8b d7 


Stack slot to memory mapping:

stack at sp + 0 slots: 0x00000090fd0fc3f0 is pointing into the stack for thread: 0x0000021634101380
stack at sp + 1 slots: 0x00007ffbb8ad1b65 jvm.dll
stack at sp + 2 slots: 0x00000090fd0fc3f0 is pointing into the stack for thread: 0x0000021634101380
stack at sp + 3 slots: 0x00007ffbb8acaa73 jvm.dll
stack at sp + 4 slots: 0x00000090fd0fc3f0 is pointing into the stack for thread: 0x0000021634101380
stack at sp + 5 slots: 0x00007ffbb8acd0c7 jvm.dll
stack at sp + 6 slots: 0x000002163f749748 points into unknown readable memory: 0x00007ffbb8dec218 | 18 c2 de b8 fb 7f 00 00
stack at sp + 7 slots: 0x0000000000000001 is an unknown value


---------------  P R O C E S S  ---------------

Threads class SMR info:
_java_thread_list=0x0000021639a6f720, length=18, elements={
0x00000216130dd960, 0x00000216340e1c00, 0x00000216340e4760, 0x00000216340cc830,
0x00000216340d08f0, 0x00000216340ecee0, 0x00000216340ee0d0, 0x0000021634101380,
0x0000021634101e10, 0x000002163411d2b0, 0x000002163430f500, 0x000002163430fd20,
0x00000216346c12d0, 0x00000216349c6a60, 0x000002163a4932f0, 0x000002164017d3b0,
0x0000021641a86810, 0x0000021641a83860
}

Java Threads: ( => current thread )
  0x00000216130dd960 JavaThread "main"                              [_thread_in_Java, id=25048, stack(0x00000090fc200000,0x00000090fc300000) (1024K)]
  0x00000216340e1c00 JavaThread "Reference Handler"          daemon [_thread_blocked, id=26384, stack(0x00000090fca00000,0x00000090fcb00000) (1024K)]
  0x00000216340e4760 JavaThread "Finalizer"                  daemon [_thread_blocked, id=8000, stack(0x00000090fcb00000,0x00000090fcc00000) (1024K)]
  0x00000216340cc830 JavaThread "Signal Dispatcher"          daemon [_thread_blocked, id=12376, stack(0x00000090fcc00000,0x00000090fcd00000) (1024K)]
  0x00000216340d08f0 JavaThread "Attach Listener"            daemon [_thread_blocked, id=32972, stack(0x00000090fcd00000,0x00000090fce00000) (1024K)]
  0x00000216340ecee0 JavaThread "Service Thread"             daemon [_thread_blocked, id=27552, stack(0x00000090fce00000,0x00000090fcf00000) (1024K)]
  0x00000216340ee0d0 JavaThread "Monitor Deflation Thread"   daemon [_thread_blocked, id=22076, stack(0x00000090fcf00000,0x00000090fd000000) (1024K)]
=>0x0000021634101380 JavaThread "C2 CompilerThread0"         daemon [_thread_in_native, id=9476, stack(0x00000090fd000000,0x00000090fd100000) (1024K)]
  0x0000021634101e10 JavaThread "C1 CompilerThread0"         daemon [_thread_blocked, id=5516, stack(0x00000090fd100000,0x00000090fd200000) (1024K)]
  0x000002163411d2b0 JavaThread "C1 CompilerThread1"         daemon [_thread_blocked, id=30560, stack(0x00000090fd200000,0x00000090fd300000) (1024K)]
  0x000002163430f500 JavaThread "Notification Thread"        daemon [_thread_blocked, id=24892, stack(0x00000090fd300000,0x00000090fd400000) (1024K)]
  0x000002163430fd20 JavaThread "Common-Cleaner"             daemon [_thread_blocked, id=35600, stack(0x00000090fd400000,0x00000090fd500000) (1024K)]
  0x00000216346c12d0 JavaThread "C1 CompilerThread2"         daemon [_thread_blocked, id=12544, stack(0x00000090fd700000,0x00000090fd800000) (1024K)]
  0x00000216349c6a60 JavaThread "C1 CompilerThread3"         daemon [_thread_blocked, id=34368, stack(0x00000090fd800000,0x00000090fd900000) (1024K)]
  0x000002163a4932f0 JavaThread "C1 CompilerThread4"         daemon [_thread_blocked, id=18184, stack(0x00000090feb00000,0x00000090fec00000) (1024K)]
  0x000002164017d3b0 JavaThread "C2 CompilerThread1"         daemon [_thread_in_native, id=32260, stack(0x00000090fd500000,0x00000090fd600000) (1024K)]
  0x0000021641a86810 JavaThread "C2 CompilerThread2"         daemon [_thread_blocked, id=34288, stack(0x00000090fd600000,0x00000090fd700000) (1024K)]
  0x0000021641a83860 JavaThread "C2 CompilerThread3"         daemon [_thread_in_native, id=6672, stack(0x00000090fe900000,0x00000090fea00000) (1024K)]
Total: 18

Other Threads:
  0x0000021634052980 VMThread "VM Thread"                           [id=14364, stack(0x00000090fc900000,0x00000090fca00000) (1024K)]
  0x0000021630694880 WatcherThread "VM Periodic Task Thread"        [id=10084, stack(0x00000090fc800000,0x00000090fc900000) (1024K)]
  0x0000021630530840 WorkerThread "GC Thread#0"                     [id=12696, stack(0x00000090fc300000,0x00000090fc400000) (1024K)]
  0x0000021634bd8640 WorkerThread "GC Thread#1"                     [id=13104, stack(0x00000090fd900000,0x00000090fda00000) (1024K)]
  0x0000021634bd89e0 WorkerThread "GC Thread#2"                     [id=19504, stack(0x00000090fda00000,0x00000090fdb00000) (1024K)]
  0x0000021634bb20a0 WorkerThread "GC Thread#3"                     [id=12388, stack(0x00000090fdb00000,0x00000090fdc00000) (1024K)]
  0x0000021634bb2440 WorkerThread "GC Thread#4"                     [id=18604, stack(0x00000090fdc00000,0x00000090fdd00000) (1024K)]
  0x0000021634bb27e0 WorkerThread "GC Thread#5"                     [id=34212, stack(0x00000090fdd00000,0x00000090fde00000) (1024K)]
  0x0000021634bb2b80 WorkerThread "GC Thread#6"                     [id=29792, stack(0x00000090fde00000,0x00000090fdf00000) (1024K)]
  0x0000021634bb4190 WorkerThread "GC Thread#7"                     [id=27104, stack(0x00000090fdf00000,0x00000090fe000000) (1024K)]
  0x0000021634bb36b0 WorkerThread "GC Thread#8"                     [id=19256, stack(0x00000090fe000000,0x00000090fe100000) (1024K)]
  0x0000021634bb3310 WorkerThread "GC Thread#9"                     [id=4884, stack(0x00000090fe100000,0x00000090fe200000) (1024K)]
  0x0000021634bb4530 WorkerThread "GC Thread#10"                    [id=31792, stack(0x00000090fe200000,0x00000090fe300000) (1024K)]
  0x0000021634bb3df0 WorkerThread "GC Thread#11"                    [id=5296, stack(0x00000090fe300000,0x00000090fe400000) (1024K)]
  0x000002163ba857c0 WorkerThread "GC Thread#12"                    [id=34080, stack(0x00000090fec00000,0x00000090fed00000) (1024K)]
  0x000002163ba874c0 WorkerThread "GC Thread#13"                    [id=3868, stack(0x00000090fed00000,0x00000090fee00000) (1024K)]
  0x000002163d2e8510 WorkerThread "GC Thread#14"                    [id=32472, stack(0x00000090fee00000,0x00000090fef00000) (1024K)]
  0x000002163d2e6f50 WorkerThread "GC Thread#15"                    [id=5636, stack(0x00000090fef00000,0x00000090ff000000) (1024K)]
  0x000002163d2e6bb0 WorkerThread "GC Thread#16"                    [id=13820, stack(0x00000090ff000000,0x00000090ff100000) (1024K)]
  0x000002163d2e88b0 WorkerThread "GC Thread#17"                    [id=14580, stack(0x00000090ff100000,0x00000090ff200000) (1024K)]
  0x000002163d2e7a30 WorkerThread "GC Thread#18"                    [id=22468, stack(0x00000090ff200000,0x00000090ff300000) (1024K)]
  0x000002163d2e9390 WorkerThread "GC Thread#19"                    [id=17688, stack(0x00000090ff300000,0x00000090ff400000) (1024K)]
  0x000002164213d760 WorkerThread "GC Thread#20"                    [id=27816, stack(0x00000090ff400000,0x00000090ff500000) (1024K)]
  0x000002164213f800 WorkerThread "GC Thread#21"                    [id=19540, stack(0x00000090ff500000,0x00000090ff600000) (1024K)]
  0x000002164213e980 WorkerThread "GC Thread#22"                    [id=15868, stack(0x00000090ff600000,0x00000090ff700000) (1024K)]
  0x000002161314b8d0 ConcurrentGCThread "G1 Main Marker"            [id=25308, stack(0x00000090fc400000,0x00000090fc500000) (1024K)]
  0x000002161314c3d0 WorkerThread "G1 Conc#0"                       [id=34280, stack(0x00000090fc500000,0x00000090fc600000) (1024K)]
  0x00000216394a2690 WorkerThread "G1 Conc#1"                       [id=32928, stack(0x00000090fe400000,0x00000090fe500000) (1024K)]
  0x00000216394a4e70 WorkerThread "G1 Conc#2"                       [id=29920, stack(0x00000090fe500000,0x00000090fe600000) (1024K)]
  0x00000216394a2a30 WorkerThread "G1 Conc#3"                       [id=13344, stack(0x00000090fe600000,0x00000090fe700000) (1024K)]
  0x00000216394a3170 WorkerThread "G1 Conc#4"                       [id=19676, stack(0x00000090fe700000,0x00000090fe800000) (1024K)]
  0x00000216394a2dd0 WorkerThread "G1 Conc#5"                       [id=6248, stack(0x00000090fe800000,0x00000090fe900000) (1024K)]
  0x000002163063fd40 ConcurrentGCThread "G1 Refine#0"               [id=3548, stack(0x00000090fc600000,0x00000090fc700000) (1024K)]
  0x0000021630641760 ConcurrentGCThread "G1 Service"                [id=23768, stack(0x00000090fc700000,0x00000090fc800000) (1024K)]
Total: 34

Threads with active compile tasks:
C2 CompilerThread0  12707 19033   !   4       org.jetbrains.kotlin.codegen.optimization.common.FastAnalyzer::analyzeMainLoop (350 bytes)
C2 CompilerThread1  12707 19070       4       org.jetbrains.org.objectweb.asm.Frame::merge (395 bytes)
C2 CompilerThread3  12707 19057       4       org.jetbrains.kotlin.codegen.optimization.temporaryVals.TemporaryValsAnalyzer::analyze (1247 bytes)
Total: 3

VM state: not at safepoint (normal execution)

VM Mutex/Monitor currently owned by a thread: None

Heap address: 0x0000000604c00000, size: 8116 MB, Compressed Oops mode: Zero based, Oop shift amount: 3

CDS archive(s) not mapped
Compressed class space mapped at: 0x0000000800000000-0x0000000840000000, reserved size: 1073741824
Narrow klass base: 0x0000000800000000, Narrow klass shift: 0, Narrow klass range: 0x40000000

GC Precious Log:
 CardTable entry size: 512
 Card Set container configuration: InlinePtr #cards 4 size 8 Array Of Cards #cards 32 size 80 Howl #buckets 8 coarsen threshold 7372 Howl Bitmap #cards 1024 size 144 coarsen threshold 921 Card regions per heap region 1 cards per card region 8192
 CPUs: 32 total, 32 available
 Memory: 32456M
 Large Page Support: Disabled
 NUMA Support: Disabled
 Compressed Oops: Enabled (Zero based)
 Heap Region Size: 4M
 Heap Min Capacity: 8M
 Heap Initial Capacity: 508M
 Heap Max Capacity: 8116M
 Pre-touch: Disabled
 Parallel Workers: 23
 Concurrent Workers: 6
 Concurrent Refinement Workers: 23
 Periodic GC: Disabled

Heap:
 garbage-first heap   total 233472K, used 182830K [0x0000000604c00000, 0x0000000800000000)
  region size 4096K, 18 young (73728K), 2 survivors (8192K)
 Metaspace       used 95357K, committed 95744K, reserved 1179648K
  class space    used 9533K, committed 9728K, reserved 1048576K

Heap Regions: E=young(eden), S=young(survivor), O=old, HS=humongous(starts), HC=humongous(continues), CS=collection set, F=free, TAMS=top-at-mark-start, PB=parsable bottom
|   0|0x0000000604c00000, 0x0000000605000000, 0x0000000605000000|100%|HS|  |TAMS 0x0000000604c00000| PB 0x0000000604c00000| Complete 
|   1|0x0000000605000000, 0x0000000605400000, 0x0000000605400000|100%| O|  |TAMS 0x0000000605000000| PB 0x0000000605000000| Untracked 
|   2|0x0000000605400000, 0x0000000605800000, 0x0000000605800000|100%| O|  |TAMS 0x0000000605400000| PB 0x0000000605400000| Untracked 
|   3|0x0000000605800000, 0x0000000605c00000, 0x0000000605c00000|100%| O|  |TAMS 0x0000000605800000| PB 0x0000000605800000| Untracked 
|   4|0x0000000605c00000, 0x0000000606000000, 0x0000000606000000|100%| O|  |TAMS 0x0000000605c00000| PB 0x0000000605c00000| Untracked 
|   5|0x0000000606000000, 0x0000000606400000, 0x0000000606400000|100%| O|  |TAMS 0x0000000606000000| PB 0x0000000606000000| Untracked 
|   6|0x0000000606400000, 0x0000000606800000, 0x0000000606800000|100%| O|  |TAMS 0x0000000606400000| PB 0x0000000606400000| Untracked 
|   7|0x0000000606800000, 0x0000000606c00000, 0x0000000606c00000|100%| O|  |TAMS 0x0000000606800000| PB 0x0000000606800000| Untracked 
|   8|0x0000000606c00000, 0x0000000607000000, 0x0000000607000000|100%| O|  |TAMS 0x0000000606c00000| PB 0x0000000606c00000| Untracked 
|   9|0x0000000607000000, 0x0000000607400000, 0x0000000607400000|100%| O|  |TAMS 0x0000000607000000| PB 0x0000000607000000| Untracked 
|  10|0x0000000607400000, 0x0000000607800000, 0x0000000607800000|100%| O|  |TAMS 0x0000000607400000| PB 0x0000000607400000| Untracked 
|  11|0x0000000607800000, 0x0000000607c00000, 0x0000000607c00000|100%| O|  |TAMS 0x0000000607800000| PB 0x0000000607800000| Untracked 
|  12|0x0000000607c00000, 0x0000000608000000, 0x0000000608000000|100%| O|  |TAMS 0x0000000607c00000| PB 0x0000000607c00000| Untracked 
|  13|0x0000000608000000, 0x0000000608400000, 0x0000000608400000|100%| O|  |TAMS 0x0000000608000000| PB 0x0000000608000000| Untracked 
|  14|0x0000000608400000, 0x0000000608519ca0, 0x0000000608800000| 27%| O|Cm|TAMS 0x0000000608400000| PB 0x0000000608400000| Complete 
|  15|0x0000000608800000, 0x0000000608c00000, 0x0000000608c00000|100%| O|  |TAMS 0x0000000608800000| PB 0x0000000608800000| Untracked 
|  16|0x0000000608c00000, 0x0000000609000000, 0x0000000609000000|100%| O|  |TAMS 0x0000000608c00000| PB 0x0000000608c00000| Untracked 
|  17|0x0000000609000000, 0x0000000609400000, 0x0000000609400000|100%| O|  |TAMS 0x0000000609000000| PB 0x0000000609000000| Untracked 
|  18|0x0000000609400000, 0x0000000609800000, 0x0000000609800000|100%| O|  |TAMS 0x0000000609400000| PB 0x0000000609400000| Untracked 
|  19|0x0000000609800000, 0x0000000609c00000, 0x0000000609c00000|100%| O|  |TAMS 0x0000000609800000| PB 0x0000000609800000| Untracked 
|  20|0x0000000609c00000, 0x000000060a000000, 0x000000060a000000|100%| O|  |TAMS 0x0000000609c00000| PB 0x0000000609c00000| Untracked 
|  21|0x000000060a000000, 0x000000060a400000, 0x000000060a400000|100%| O|  |TAMS 0x000000060a000000| PB 0x000000060a000000| Untracked 
|  22|0x000000060a400000, 0x000000060a800000, 0x000000060a800000|100%| O|  |TAMS 0x000000060a400000| PB 0x000000060a400000| Untracked 
|  23|0x000000060a800000, 0x000000060ac00000, 0x000000060ac00000|100%| O|  |TAMS 0x000000060a800000| PB 0x000000060a800000| Untracked 
|  24|0x000000060ac00000, 0x000000060b000000, 0x000000060b000000|100%| O|  |TAMS 0x000000060ac00000| PB 0x000000060ac00000| Untracked 
|  25|0x000000060b000000, 0x000000060b400000, 0x000000060b400000|100%| O|  |TAMS 0x000000060b000000| PB 0x000000060b000000| Untracked 
|  26|0x000000060b400000, 0x000000060b800000, 0x000000060b800000|100%| O|  |TAMS 0x000000060b400000| PB 0x000000060b400000| Untracked 
|  27|0x000000060b800000, 0x000000060bc00000, 0x000000060bc00000|100%| O|  |TAMS 0x000000060b800000| PB 0x000000060b800000| Untracked 
|  28|0x000000060bc00000, 0x000000060c000000, 0x000000060c000000|100%| O|  |TAMS 0x000000060bc00000| PB 0x000000060bc00000| Untracked 
|  29|0x000000060c000000, 0x000000060c000000, 0x000000060c400000|  0%| F|  |TAMS 0x000000060c000000| PB 0x000000060c000000| Untracked 
|  30|0x000000060c400000, 0x000000060c400000, 0x000000060c800000|  0%| F|  |TAMS 0x000000060c400000| PB 0x000000060c400000| Untracked 
|  31|0x000000060c800000, 0x000000060c800000, 0x000000060cc00000|  0%| F|  |TAMS 0x000000060c800000| PB 0x000000060c800000| Untracked 
|  32|0x000000060cc00000, 0x000000060cc00000, 0x000000060d000000|  0%| F|  |TAMS 0x000000060cc00000| PB 0x000000060cc00000| Untracked 
|  33|0x000000060d000000, 0x000000060d000000, 0x000000060d400000|  0%| F|  |TAMS 0x000000060d000000| PB 0x000000060d000000| Untracked 
|  34|0x000000060d400000, 0x000000060d400000, 0x000000060d800000|  0%| F|  |TAMS 0x000000060d400000| PB 0x000000060d400000| Untracked 
|  35|0x000000060d800000, 0x000000060d800000, 0x000000060dc00000|  0%| F|  |TAMS 0x000000060d800000| PB 0x000000060d800000| Untracked 
|  36|0x000000060dc00000, 0x000000060dc00000, 0x000000060e000000|  0%| F|  |TAMS 0x000000060dc00000| PB 0x000000060dc00000| Untracked 
|  37|0x000000060e000000, 0x000000060e000000, 0x000000060e400000|  0%| F|  |TAMS 0x000000060e000000| PB 0x000000060e000000| Untracked 
|  38|0x000000060e400000, 0x000000060e400000, 0x000000060e800000|  0%| F|  |TAMS 0x000000060e400000| PB 0x000000060e400000| Untracked 
|  39|0x000000060e800000, 0x000000060eb139c0, 0x000000060ec00000| 76%| E|  |TAMS 0x000000060e800000| PB 0x000000060e800000| Complete 
|  40|0x000000060ec00000, 0x000000060f000000, 0x000000060f000000|100%| E|CS|TAMS 0x000000060ec00000| PB 0x000000060ec00000| Complete 
|  41|0x000000060f000000, 0x000000060f400000, 0x000000060f400000|100%| E|CS|TAMS 0x000000060f000000| PB 0x000000060f000000| Complete 
|  42|0x000000060f400000, 0x000000060f571d80, 0x000000060f800000| 36%| S|CS|TAMS 0x000000060f400000| PB 0x000000060f400000| Complete 
|  43|0x000000060f800000, 0x000000060fc00000, 0x000000060fc00000|100%| S|CS|TAMS 0x000000060f800000| PB 0x000000060f800000| Complete 
|  44|0x000000060fc00000, 0x0000000610000000, 0x0000000610000000|100%| E|CS|TAMS 0x000000060fc00000| PB 0x000000060fc00000| Complete 
|  45|0x0000000610000000, 0x0000000610400000, 0x0000000610400000|100%| E|CS|TAMS 0x0000000610000000| PB 0x0000000610000000| Complete 
|  46|0x0000000610400000, 0x0000000610800000, 0x0000000610800000|100%| E|CS|TAMS 0x0000000610400000| PB 0x0000000610400000| Complete 
|  47|0x0000000610800000, 0x0000000610c00000, 0x0000000610c00000|100%| E|CS|TAMS 0x0000000610800000| PB 0x0000000610800000| Complete 
|  48|0x0000000610c00000, 0x0000000611000000, 0x0000000611000000|100%| E|CS|TAMS 0x0000000610c00000| PB 0x0000000610c00000| Complete 
|  49|0x0000000611000000, 0x0000000611400000, 0x0000000611400000|100%| E|CS|TAMS 0x0000000611000000| PB 0x0000000611000000| Complete 
|  50|0x0000000611400000, 0x0000000611800000, 0x0000000611800000|100%| E|CS|TAMS 0x0000000611400000| PB 0x0000000611400000| Complete 
|  51|0x0000000611800000, 0x0000000611c00000, 0x0000000611c00000|100%| E|CS|TAMS 0x0000000611800000| PB 0x0000000611800000| Complete 
|  52|0x0000000611c00000, 0x0000000612000000, 0x0000000612000000|100%| E|CS|TAMS 0x0000000611c00000| PB 0x0000000611c00000| Complete 
|  53|0x0000000612000000, 0x0000000612400000, 0x0000000612400000|100%| E|CS|TAMS 0x0000000612000000| PB 0x0000000612000000| Complete 
|  60|0x0000000613c00000, 0x0000000614000000, 0x0000000614000000|100%| E|CS|TAMS 0x0000000613c00000| PB 0x0000000613c00000| Complete 
|  61|0x0000000614000000, 0x0000000614400000, 0x0000000614400000|100%| E|CS|TAMS 0x0000000614000000| PB 0x0000000614000000| Complete 
| 126|0x0000000624400000, 0x0000000624800000, 0x0000000624800000|100%| E|CS|TAMS 0x0000000624400000| PB 0x0000000624400000| Complete 

Card table byte_map: [0x00000216274f0000,0x00000216284d0000] _byte_map_base: 0x00000216244ca000

Marking Bits: (CMBitMap*) 0x000002161313e2d0
 Bits: [0x00000216284d0000, 0x00000216303a0000)

Polling page: 0x0000021612830000

Metaspace:

Usage:
  Non-class:     83.81 MB used.
      Class:      9.31 MB used.
       Both:     93.12 MB used.

Virtual space:
  Non-class space:      128.00 MB reserved,      84.00 MB ( 66%) committed,  2 nodes.
      Class space:        1.00 GB reserved,       9.50 MB ( <1%) committed,  1 nodes.
             Both:        1.12 GB reserved,      93.50 MB (  8%) committed. 

Chunk freelists:
   Non-Class:  11.81 MB
       Class:  6.54 MB
        Both:  18.35 MB

MaxMetaspaceSize: unlimited
CompressedClassSpaceSize: 1.00 GB
Initial GC threshold: 21.00 MB
Current GC threshold: 145.12 MB
CDS: off
 - commit_granule_bytes: 65536.
 - commit_granule_words: 8192.
 - virtual_space_node_default_size: 8388608.
 - enlarge_chunks_in_place: 1.
 - use_allocation_guard: 0.


Internal statistics:

num_allocs_failed_limit: 9.
num_arena_births: 468.
num_arena_deaths: 0.
num_vsnodes_births: 3.
num_vsnodes_deaths: 0.
num_space_committed: 1494.
num_space_uncommitted: 0.
num_chunks_returned_to_freelist: 9.
num_chunks_taken_from_freelist: 3533.
num_chunk_merges: 9.
num_chunk_splits: 2910.
num_chunks_enlarged: 2626.
num_inconsistent_stats: 0.

CodeHeap 'non-profiled nmethods': size=118848Kb used=9778Kb max_used=9778Kb free=109069Kb
 bounds [0x000002161ddd0000, 0x000002161e760000, 0x00000216251e0000]
CodeHeap 'profiled nmethods': size=118848Kb used=66261Kb max_used=66261Kb free=52586Kb
 bounds [0x00000216161e0000, 0x000002161a2a0000, 0x000002161d5f0000]
CodeHeap 'non-nmethods': size=8064Kb used=4101Kb max_used=4144Kb free=3962Kb
 bounds [0x000002161d5f0000, 0x000002161da10000, 0x000002161ddd0000]
 total_blobs=17621 nmethods=16780 adapters=738
 compilation: enabled
              stopped_count=0, restarted_count=0
 full_count=0

Compilation events (20 events):
Event: 12.643 Thread 0x000002163411d2b0 nmethod 19024 0x000002161e73e410 code [0x000002161e73e5a0, 0x000002161e73e670]
Event: 12.644 Thread 0x000002163a4932f0 19025       3       org.jetbrains.kotlin.codegen.optimization.fixStack.BasicTypeInterpreter::binaryOperation (542 bytes)
Event: 12.645 Thread 0x000002163a4932f0 nmethod 19025 0x000002161a270e90 code [0x000002161a271380, 0x000002161a2738e8]
Event: 12.647 Thread 0x0000021634101380 19026       4       org.jetbrains.kotlin.codegen.optimization.fixStack.FixStackAnalyzer$FixStackFrame::execute (97 bytes)
Event: 12.649 Thread 0x00000216349c6a60 19028       1       org.jetbrains.kotlin.codegen.optimization.nullCheck.RedundantNullCheckMethodTransformer$TransformerPass::getMethodNode (5 bytes)
Event: 12.649 Thread 0x00000216349c6a60 nmethod 19028 0x000002161e73e710 code [0x000002161e73e8a0, 0x000002161e73e970]
Event: 12.651 Thread 0x0000021634101380 nmethod 19026 0x000002161e73ea10 code [0x000002161e73ec60, 0x000002161e73f6d8]
Event: 12.651 Thread 0x0000021634101380 19027       4       org.jetbrains.kotlin.codegen.optimization.nullCheck.RedundantNullCheckMethodTransformerKt::isCheckExpressionValueIsNotNull (173 bytes)
Event: 12.651 Thread 0x000002163411d2b0 19029       3       org.jetbrains.kotlin.codegen.optimization.common.OptimizationBasicInterpreter::isReference (39 bytes)
Event: 12.652 Thread 0x000002163411d2b0 nmethod 19029 0x000002161a274410 code [0x000002161a2745e0, 0x000002161a274a40]
Event: 12.652 Thread 0x0000021634101380 nmethod 19027 0x000002161e73fb10 code [0x000002161e73fcc0, 0x000002161e740128]
Event: 12.652 Thread 0x0000021634101380 19030       4       org.jetbrains.kotlin.codegen.optimization.nullCheck.NullabilityInterpreter::merge (16 bytes)
Event: 12.655 Thread 0x0000021634101380 nmethod 19030 0x000002161e740310 code [0x000002161e7405c0, 0x000002161e740f68]
Event: 12.655 Thread 0x0000021634101380 19032       4       org.jetbrains.kotlin.codegen.optimization.common.OptimizationBasicInterpreter::merge (203 bytes)
Event: 12.658 Thread 0x0000021634101380 nmethod 19032 0x000002161e741790 code [0x000002161e7419c0, 0x000002161e742140]
Event: 12.658 Thread 0x0000021634101380 19033   !   4       org.jetbrains.kotlin.codegen.optimization.common.FastAnalyzer::analyzeMainLoop (350 bytes)
Event: 12.663 Thread 0x000002163a4932f0 19035       3       org.jetbrains.kotlin.codegen.optimization.common.OptimizationBasicInterpreter::merge (203 bytes)
Event: 12.663 Thread 0x000002163a4932f0 nmethod 19035 0x000002161a274b90 code [0x000002161a274e60, 0x000002161a275c18]
Event: 12.663 Thread 0x00000216349c6a60 19037       3       org.jetbrains.kotlin.codegen.optimization.common.OptimizationBasicInterpreter::mergeReferenceTypes (131 bytes)
Event: 12.664 Thread 0x00000216349c6a60 nmethod 19037 0x000002161a275f10 code [0x000002161a276240, 0x000002161a277318]

GC Heap History (20 events):
Event: 0.617 GC heap before
{Heap before GC invocations=4 (full 0):
 garbage-first heap   total 57344K, used 33767K [0x0000000604c00000, 0x0000000800000000)
  region size 4096K, 8 young (32768K), 4 survivors (16384K)
 Metaspace       used 28562K, committed 28800K, reserved 1114112K
  class space    used 3037K, committed 3136K, reserved 1048576K
}
Event: 0.621 GC heap after
{Heap after GC invocations=5 (full 0):
 garbage-first heap   total 57344K, used 18989K [0x0000000604c00000, 0x0000000800000000)
  region size 4096K, 1 young (4096K), 1 survivors (4096K)
 Metaspace       used 28562K, committed 28800K, reserved 1114112K
  class space    used 3037K, committed 3136K, reserved 1048576K
}
Event: 0.756 GC heap before
{Heap before GC invocations=5 (full 0):
 garbage-first heap   total 57344K, used 39469K [0x0000000604c00000, 0x0000000800000000)
  region size 4096K, 6 young (24576K), 1 survivors (4096K)
 Metaspace       used 34433K, committed 34688K, reserved 1114112K
  class space    used 4126K, committed 4224K, reserved 1048576K
}
Event: 0.758 GC heap after
{Heap after GC invocations=6 (full 0):
 garbage-first heap   total 57344K, used 20104K [0x0000000604c00000, 0x0000000800000000)
  region size 4096K, 1 young (4096K), 1 survivors (4096K)
 Metaspace       used 34433K, committed 34688K, reserved 1114112K
  class space    used 4126K, committed 4224K, reserved 1048576K
}
Event: 0.788 GC heap before
{Heap before GC invocations=6 (full 0):
 garbage-first heap   total 57344K, used 24200K [0x0000000604c00000, 0x0000000800000000)
  region size 4096K, 3 young (12288K), 1 survivors (4096K)
 Metaspace       used 35905K, committed 36160K, reserved 1114112K
  class space    used 4288K, committed 4416K, reserved 1048576K
}
Event: 0.790 GC heap after
{Heap after GC invocations=7 (full 0):
 garbage-first heap   total 57344K, used 20314K [0x0000000604c00000, 0x0000000800000000)
  region size 4096K, 1 young (4096K), 1 survivors (4096K)
 Metaspace       used 35905K, committed 36160K, reserved 1114112K
  class space    used 4288K, committed 4416K, reserved 1048576K
}
Event: 0.908 GC heap before
{Heap before GC invocations=8 (full 0):
 garbage-first heap   total 57344K, used 40794K [0x0000000604c00000, 0x0000000800000000)
  region size 4096K, 6 young (24576K), 1 survivors (4096K)
 Metaspace       used 41171K, committed 41472K, reserved 1114112K
  class space    used 4799K, committed 4928K, reserved 1048576K
}
Event: 0.911 GC heap after
{Heap after GC invocations=9 (full 0):
 garbage-first heap   total 290816K, used 21276K [0x0000000604c00000, 0x0000000800000000)
  region size 4096K, 1 young (4096K), 1 survivors (4096K)
 Metaspace       used 41171K, committed 41472K, reserved 1114112K
  class space    used 4799K, committed 4928K, reserved 1048576K
}
Event: 1.918 GC heap before
{Heap before GC invocations=9 (full 0):
 garbage-first heap   total 290816K, used 185116K [0x0000000604c00000, 0x0000000800000000)
  region size 4096K, 42 young (172032K), 1 survivors (4096K)
 Metaspace       used 56027K, committed 56320K, reserved 1114112K
  class space    used 6202K, committed 6336K, reserved 1048576K
}
Event: 1.928 GC heap after
{Heap after GC invocations=10 (full 0):
 garbage-first heap   total 290816K, used 56678K [0x0000000604c00000, 0x0000000800000000)
  region size 4096K, 6 young (24576K), 6 survivors (24576K)
 Metaspace       used 56027K, committed 56320K, reserved 1114112K
  class space    used 6202K, committed 6336K, reserved 1048576K
}
Event: 2.123 GC heap before
{Heap before GC invocations=10 (full 0):
 garbage-first heap   total 290816K, used 89446K [0x0000000604c00000, 0x0000000800000000)
  region size 4096K, 15 young (61440K), 6 survivors (24576K)
 Metaspace       used 60204K, committed 60480K, reserved 1114112K
  class space    used 6741K, committed 6848K, reserved 1048576K
}
Event: 2.134 GC heap after
{Heap after GC invocations=11 (full 0):
 garbage-first heap   total 290816K, used 65690K [0x0000000604c00000, 0x0000000800000000)
  region size 4096K, 2 young (8192K), 2 survivors (8192K)
 Metaspace       used 60204K, committed 60480K, reserved 1114112K
  class space    used 6741K, committed 6848K, reserved 1048576K
}
Event: 3.337 GC heap before
{Heap before GC invocations=12 (full 0):
 garbage-first heap   total 233472K, used 196762K [0x0000000604c00000, 0x0000000800000000)
  region size 4096K, 34 young (139264K), 2 survivors (8192K)
 Metaspace       used 65944K, committed 66304K, reserved 1114112K
  class space    used 7144K, committed 7296K, reserved 1048576K
}
Event: 3.347 GC heap after
{Heap after GC invocations=13 (full 0):
 garbage-first heap   total 233472K, used 87940K [0x0000000604c00000, 0x0000000800000000)
  region size 4096K, 5 young (20480K), 5 survivors (20480K)
 Metaspace       used 65944K, committed 66304K, reserved 1114112K
  class space    used 7144K, committed 7296K, reserved 1048576K
}
Event: 5.671 GC heap before
{Heap before GC invocations=13 (full 0):
 garbage-first heap   total 233472K, used 169860K [0x0000000604c00000, 0x0000000800000000)
  region size 4096K, 26 young (106496K), 5 survivors (20480K)
 Metaspace       used 73889K, committed 74176K, reserved 1179648K
  class space    used 7819K, committed 7936K, reserved 1048576K
}
Event: 5.681 GC heap after
{Heap after GC invocations=14 (full 0):
 garbage-first heap   total 233472K, used 103890K [0x0000000604c00000, 0x0000000800000000)
  region size 4096K, 4 young (16384K), 4 survivors (16384K)
 Metaspace       used 73889K, committed 74176K, reserved 1179648K
  class space    used 7819K, committed 7936K, reserved 1048576K
}
Event: 8.009 GC heap before
{Heap before GC invocations=15 (full 0):
 garbage-first heap   total 233472K, used 185810K [0x0000000604c00000, 0x0000000800000000)
  region size 4096K, 24 young (98304K), 4 survivors (16384K)
 Metaspace       used 81076K, committed 81472K, reserved 1179648K
  class space    used 8493K, committed 8704K, reserved 1048576K
}
Event: 8.017 GC heap after
{Heap after GC invocations=16 (full 0):
 garbage-first heap   total 233472K, used 115815K [0x0000000604c00000, 0x0000000800000000)
  region size 4096K, 3 young (12288K), 3 survivors (12288K)
 Metaspace       used 81076K, committed 81472K, reserved 1179648K
  class space    used 8493K, committed 8704K, reserved 1048576K
}
Event: 10.416 GC heap before
{Heap before GC invocations=16 (full 0):
 garbage-first heap   total 233472K, used 164967K [0x0000000604c00000, 0x0000000800000000)
  region size 4096K, 16 young (65536K), 3 survivors (12288K)
 Metaspace       used 88756K, committed 89152K, reserved 1179648K
  class space    used 9051K, committed 9216K, reserved 1048576K
}
Event: 10.422 GC heap after
{Heap after GC invocations=17 (full 0):
 garbage-first heap   total 233472K, used 121390K [0x0000000604c00000, 0x0000000800000000)
  region size 4096K, 2 young (8192K), 2 survivors (8192K)
 Metaspace       used 88756K, committed 89152K, reserved 1179648K
  class space    used 9051K, committed 9216K, reserved 1048576K
}

Dll operation events (3 events):
Event: 0.004 Loaded shared library C:\Program Files\Android\Android Studio2\jbr\bin\java.dll
Event: 0.007 Loaded shared library C:\Program Files\Android\Android Studio2\jbr\bin\zip.dll
Event: 0.444 Loaded shared library C:\Program Files\Android\Android Studio2\jbr\bin\verify.dll

Deoptimization events (20 events):
Event: 12.604 Thread 0x00000216130dd960 DEOPT PACKING pc=0x000002161e32a544 sp=0x00000090fc2fa360
Event: 12.604 Thread 0x00000216130dd960 DEOPT UNPACKING pc=0x000002161d6446a2 sp=0x00000090fc2fa0f0 mode 2
Event: 12.604 Thread 0x00000216130dd960 Uncommon trap: trap_request=0xffffff45 fr.pc=0x000002161e15017c relative=0x00000000000000dc
Event: 12.604 Thread 0x00000216130dd960 Uncommon trap: reason=unstable_if action=reinterpret pc=0x000002161e15017c method=org.jetbrains.kotlin.codegen.optimization.common.FastAnalyzer.updateQueue(ZI)V @ 10 c2
Event: 12.604 Thread 0x00000216130dd960 DEOPT PACKING pc=0x000002161e15017c sp=0x00000090fc2fa170
Event: 12.604 Thread 0x00000216130dd960 DEOPT UNPACKING pc=0x000002161d6446a2 sp=0x00000090fc2fa0f0 mode 2
Event: 12.631 Thread 0x00000216130dd960 Uncommon trap: trap_request=0xffffff45 fr.pc=0x000002161e7275fc relative=0x00000000000000dc
Event: 12.631 Thread 0x00000216130dd960 Uncommon trap: reason=unstable_if action=reinterpret pc=0x000002161e7275fc method=org.jetbrains.kotlin.utils.SmartSet.iterator()Ljava/util/Iterator; @ 24 c2
Event: 12.631 Thread 0x00000216130dd960 DEOPT PACKING pc=0x000002161e7275fc sp=0x00000090fc2fb010
Event: 12.631 Thread 0x00000216130dd960 DEOPT UNPACKING pc=0x000002161d6446a2 sp=0x00000090fc2fafa0 mode 2
Event: 12.632 Thread 0x00000216130dd960 Uncommon trap: trap_request=0xffffff45 fr.pc=0x000002161de61988 relative=0x0000000000000228
Event: 12.632 Thread 0x00000216130dd960 Uncommon trap: reason=unstable_if action=reinterpret pc=0x000002161de61988 method=org.jetbrains.kotlin.utils.SmartSet.iterator()Ljava/util/Iterator; @ 24 c2
Event: 12.632 Thread 0x00000216130dd960 DEOPT PACKING pc=0x000002161de61988 sp=0x00000090fc2fb070
Event: 12.632 Thread 0x00000216130dd960 DEOPT UNPACKING pc=0x000002161d6446a2 sp=0x00000090fc2faf88 mode 2
Event: 12.653 Thread 0x00000216130dd960 DEOPT PACKING pc=0x00000216163511da sp=0x00000090fc2fd0f0
Event: 12.653 Thread 0x00000216130dd960 DEOPT UNPACKING pc=0x000002161d644e42 sp=0x00000090fc2fc670 mode 0
Event: 12.663 Thread 0x00000216130dd960 Uncommon trap: trap_request=0xffffff45 fr.pc=0x000002161e741fc8 relative=0x0000000000000608
Event: 12.663 Thread 0x00000216130dd960 Uncommon trap: reason=unstable_if action=reinterpret pc=0x000002161e741fc8 method=org.jetbrains.kotlin.codegen.optimization.common.OptimizationBasicInterpreter.merge(Lorg/jetbrains/org/objectweb/asm/tree/analysis/BasicValue;Lorg/jetbrains/org/objectweb/as
Event: 12.663 Thread 0x00000216130dd960 DEOPT PACKING pc=0x000002161e741fc8 sp=0x00000090fc2fcd40
Event: 12.663 Thread 0x00000216130dd960 DEOPT UNPACKING pc=0x000002161d6446a2 sp=0x00000090fc2fcd10 mode 2

Classes loaded (20 events):
Event: 9.823 Loading class sun/security/jca/GetInstance$Instance
Event: 9.823 Loading class sun/security/jca/GetInstance$Instance done
Event: 9.823 Loading class java/security/MessageDigest$Delegate
Event: 9.823 Loading class sun/security/util/MessageDigestSpi2
Event: 9.823 Loading class sun/security/util/MessageDigestSpi2 done
Event: 9.823 Loading class java/security/MessageDigest$Delegate done
Event: 9.823 Loading class java/security/MessageDigest$Delegate$CloneableDelegate
Event: 9.823 Loading class java/security/MessageDigest$Delegate$CloneableDelegate done
Event: 9.824 Loading class sun/security/provider/ByteArrayAccess
Event: 9.824 Loading class sun/security/provider/ByteArrayAccess done
Event: 9.824 Loading class sun/security/provider/ByteArrayAccess$LE
Event: 9.824 Loading class sun/security/provider/ByteArrayAccess$LE done
Event: 9.825 Loading class java/util/Base64
Event: 9.825 Loading class java/util/Base64 done
Event: 9.825 Loading class java/util/Base64$Encoder
Event: 9.825 Loading class java/util/Base64$Encoder done
Event: 10.660 Loading class java/lang/TypeNotPresentException
Event: 10.660 Loading class java/lang/TypeNotPresentException done
Event: 11.017 Loading class java/util/Vector$Itr
Event: 11.017 Loading class java/util/Vector$Itr done

Classes unloaded (0 events):
No events

Classes redefined (0 events):
No events

Internal exceptions (20 events):
Event: 7.641 Thread 0x00000216130dd960 Exception <a 'java/lang/NoSuchMethodError'{0x000000060ea2b720}: 'java.lang.Object java.lang.invoke.Invokers$Holder.linkToTargetMethod(int, java.lang.Object, java.lang.Object, java.lang.Object, java.lang.Object)'> (0x000000060ea2b720) 
thrown [s\src\hotspot\share\interpreter\linkResolver.cpp, line 784]
Event: 8.045 Thread 0x00000216130dd960 Exception <a 'java/lang/NoSuchMethodError'{0x00000006244d52d0}: 'java.lang.Object java.lang.invoke.DirectMethodHandle$Holder.newInvokeSpecial(java.lang.Object, int, java.lang.Object, int)'> (0x00000006244d52d0) 
thrown [s\src\hotspot\share\interpreter\linkResolver.cpp, line 784]
Event: 8.836 Thread 0x00000216130dd960 Implicit null exception at 0x000002161e5a018e to 0x000002161e5a0a10
Event: 9.294 Thread 0x00000216130dd960 Exception <a 'java/lang/NoSuchMethodError'{0x0000000610cdef60}: 'java.lang.Object java.lang.invoke.DirectMethodHandle$Holder.invokeStatic(java.lang.Object, java.lang.Object, java.lang.Object, java.lang.Object, java.lang.Object, java.lang.Object, java.lang.Object, int, java.lang.Object, java.lang.Object)'> (0x0000000610cdef60) 
thrown [s\src\hotspot\share\interpreter\linkResolver.cpp, line 784]
Event: 9.746 Thread 0x00000216130dd960 Exception <a 'java/lang/NoSuchMethodError'{0x00000006104f4dd0}: 'java.lang.Object java.lang.invoke.DirectMethodHandle$Holder.invokeStatic(java.lang.Object, java.lang.Object, java.lang.Object, java.lang.Object, int, java.lang.Object)'> (0x00000006104f4dd0) 
thrown [s\src\hotspot\share\interpreter\linkResolver.cpp, line 784]
Event: 10.019 Thread 0x00000216130dd960 Exception <a 'java/lang/NoSuchMethodError'{0x00000006100cbcc8}: 'java.lang.Object java.lang.invoke.DirectMethodHandle$Holder.newInvokeSpecial(java.lang.Object, java.lang.Object, int, java.lang.Object)'> (0x00000006100cbcc8) 
thrown [s\src\hotspot\share\interpreter\linkResolver.cpp, line 784]
Event: 10.019 Thread 0x00000216130dd960 Exception <a 'java/lang/NoSuchMethodError'{0x00000006100cfac8}: 'java.lang.Object java.lang.invoke.DirectMethodHandle$Holder.invokeSpecial(java.lang.Object, java.lang.Object, java.lang.Object, int, java.lang.Object)'> (0x00000006100cfac8) 
thrown [s\src\hotspot\share\interpreter\linkResolver.cpp, line 784]
Event: 10.020 Thread 0x00000216130dd960 Exception <a 'java/lang/NoSuchMethodError'{0x00000006100d3498}: 'java.lang.Object java.lang.invoke.Invokers$Holder.linkToTargetMethod(java.lang.Object, int, java.lang.Object, java.lang.Object)'> (0x00000006100d3498) 
thrown [s\src\hotspot\share\interpreter\linkResolver.cpp, line 784]
Event: 10.464 Thread 0x00000216130dd960 Implicit null exception at 0x000002161e4f90e0 to 0x000002161e4f91a1
Event: 10.464 Thread 0x00000216130dd960 Implicit null exception at 0x000002161e4f8860 to 0x000002161e4f8921
Event: 10.822 Thread 0x00000216130dd960 Exception <a 'java/lang/NoSuchMethodError'{0x0000000613ca3868}: 'java.lang.Object java.lang.invoke.DirectMethodHandle$Holder.invokeStatic(java.lang.Object, int, int)'> (0x0000000613ca3868) 
thrown [s\src\hotspot\share\interpreter\linkResolver.cpp, line 784]
Event: 10.977 Thread 0x00000216130dd960 Exception <a 'java/lang/NoSuchMethodError'{0x0000000612016008}: 'java.lang.Object java.lang.invoke.DirectMethodHandle$Holder.newInvokeSpecial(java.lang.Object, java.lang.Object, java.lang.Object, java.lang.Object, java.lang.Object, int, java.lang.Object)'> (0x0000000612016008) 
thrown [s\src\hotspot\share\interpreter\linkResolver.cpp, line 784]
Event: 10.978 Thread 0x00000216130dd960 Exception <a 'java/lang/NoSuchMethodError'{0x000000061201a1f8}: 'java.lang.Object java.lang.invoke.DirectMethodHandle$Holder.invokeSpecial(java.lang.Object, java.lang.Object, java.lang.Object, java.lang.Object, java.lang.Object, java.lang.Object, int, java.lang.Object)'> (0x000000061201a1f8) 
thrown [s\src\hotspot\share\interpreter\linkResolver.cpp, line 784]
Event: 10.978 Thread 0x00000216130dd960 Exception <a 'java/lang/NoSuchMethodError'{0x000000061201d968}: 'java.lang.Object java.lang.invoke.Invokers$Holder.linkToTargetMethod(java.lang.Object, java.lang.Object, java.lang.Object, java.lang.Object, int, java.lang.Object, java.lang.Object)'> (0x000000061201d968) 
thrown [s\src\hotspot\share\interpreter\linkResolver.cpp, line 784]
Event: 11.366 Thread 0x00000216130dd960 Exception <a 'java/lang/NoSuchMethodError'{0x0000000611f706e8}: 'java.lang.Object java.lang.invoke.DirectMethodHandle$Holder.newInvokeSpecial(java.lang.Object, java.lang.Object, java.lang.Object, java.lang.Object, int, java.lang.Object)'> (0x0000000611f706e8) 
thrown [s\src\hotspot\share\interpreter\linkResolver.cpp, line 784]
Event: 11.368 Thread 0x00000216130dd960 Exception <a 'java/lang/NoSuchMethodError'{0x0000000611f749b8}: 'java.lang.Object java.lang.invoke.DirectMethodHandle$Holder.invokeSpecial(java.lang.Object, java.lang.Object, java.lang.Object, java.lang.Object, java.lang.Object, int, java.lang.Object)'> (0x0000000611f749b8) 
thrown [s\src\hotspot\share\interpreter\linkResolver.cpp, line 784]
Event: 11.368 Thread 0x00000216130dd960 Exception <a 'java/lang/NoSuchMethodError'{0x0000000611f78590}: 'java.lang.Object java.lang.invoke.Invokers$Holder.linkToTargetMethod(java.lang.Object, java.lang.Object, java.lang.Object, int, java.lang.Object, java.lang.Object)'> (0x0000000611f78590) 
thrown [s\src\hotspot\share\interpreter\linkResolver.cpp, line 784]
Event: 11.569 Thread 0x00000216130dd960 Exception <a 'java/lang/NoSuchMethodError'{0x000000061143b1b8}: 'java.lang.Object java.lang.invoke.DirectMethodHandle$Holder.invokeStatic(java.lang.Object, java.lang.Object, java.lang.Object, java.lang.Object, java.lang.Object, int)'> (0x000000061143b1b8) 
thrown [s\src\hotspot\share\interpreter\linkResolver.cpp, line 784]
Event: 12.487 Thread 0x00000216130dd960 Exception <a 'java/lang/NoSuchMethodError'{0x00000006103de680}: 'java.lang.Object java.lang.invoke.DirectMethodHandle$Holder.newInvokeSpecial(java.lang.Object, int, int, java.lang.Object)'> (0x00000006103de680) 
thrown [s\src\hotspot\share\interpreter\linkResolver.cpp, line 784]
Event: 12.489 Thread 0x00000216130dd960 Exception <a 'java/lang/NoSuchMethodError'{0x00000006103eedb8}: 'java.lang.Object java.lang.invoke.DirectMethodHandle$Holder.invokeStatic(java.lang.Object, java.lang.Object, int, int, java.lang.Object)'> (0x00000006103eedb8) 
thrown [s\src\hotspot\share\interpreter\linkResolver.cpp, line 784]

ZGC Phase Switch (0 events):
No events

VM Operations (20 events):
Event: 11.292 Executing VM operation: HandshakeAllThreads (Deoptimize)
Event: 11.292 Executing VM operation: HandshakeAllThreads (Deoptimize) done
Event: 11.338 Executing VM operation: ICBufferFull
Event: 11.338 Executing VM operation: ICBufferFull done
Event: 11.430 Executing VM operation: HandshakeAllThreads (Deoptimize)
Event: 11.430 Executing VM operation: HandshakeAllThreads (Deoptimize) done
Event: 11.457 Executing VM operation: HandshakeAllThreads (Deoptimize)
Event: 11.457 Executing VM operation: HandshakeAllThreads (Deoptimize) done
Event: 11.643 Executing VM operation: ICBufferFull
Event: 11.644 Executing VM operation: ICBufferFull done
Event: 11.691 Executing VM operation: HandshakeAllThreads (Deoptimize)
Event: 11.691 Executing VM operation: HandshakeAllThreads (Deoptimize) done
Event: 11.848 Executing VM operation: ICBufferFull
Event: 11.848 Executing VM operation: ICBufferFull done
Event: 12.067 Executing VM operation: ICBufferFull
Event: 12.067 Executing VM operation: ICBufferFull done
Event: 12.376 Executing VM operation: ICBufferFull
Event: 12.376 Executing VM operation: ICBufferFull done
Event: 12.521 Executing VM operation: ICBufferFull
Event: 12.521 Executing VM operation: ICBufferFull done

Memory protections (0 events):
No events

Nmethod flushes (20 events):
Event: 10.447 Thread 0x0000021634052980 flushing  nmethod 0x000002161880e010
Event: 10.447 Thread 0x0000021634052980 flushing  nmethod 0x000002161881e910
Event: 10.447 Thread 0x0000021634052980 flushing  nmethod 0x000002161881f610
Event: 10.447 Thread 0x0000021634052980 flushing  nmethod 0x0000021618824790
Event: 10.447 Thread 0x0000021634052980 flushing  nmethod 0x0000021618826d10
Event: 10.447 Thread 0x0000021634052980 flushing  nmethod 0x0000021618827190
Event: 10.447 Thread 0x0000021634052980 flushing  nmethod 0x00000216188c1890
Event: 10.447 Thread 0x0000021634052980 flushing  nmethod 0x00000216188dd290
Event: 10.447 Thread 0x0000021634052980 flushing  nmethod 0x0000021618a9bb10
Event: 10.447 Thread 0x0000021634052980 flushing  nmethod 0x0000021618b0d710
Event: 10.447 Thread 0x0000021634052980 flushing  nmethod 0x0000021618b13610
Event: 10.447 Thread 0x0000021634052980 flushing  nmethod 0x0000021618b5c890
Event: 10.447 Thread 0x0000021634052980 flushing  nmethod 0x0000021618cd6090
Event: 10.447 Thread 0x0000021634052980 flushing  nmethod 0x0000021618d28a90
Event: 10.447 Thread 0x0000021634052980 flushing  nmethod 0x0000021618d2b290
Event: 10.447 Thread 0x0000021634052980 flushing  nmethod 0x0000021618d2c790
Event: 10.447 Thread 0x0000021634052980 flushing  nmethod 0x0000021618d2ec90
Event: 10.447 Thread 0x0000021634052980 flushing  nmethod 0x0000021618da2a10
Event: 10.447 Thread 0x0000021634052980 flushing  nmethod 0x0000021618eb3690
Event: 10.447 Thread 0x0000021634052980 flushing  nmethod 0x0000021618ebe710

Events (20 events):
Event: 0.122 Thread 0x0000021634101e10 Thread added: 0x00000216346c12d0
Event: 0.182 Thread 0x00000216346c12d0 Thread added: 0x00000216349c6a60
Event: 0.483 Thread 0x00000216346c12d0 Thread added: 0x0000021639d24000
Event: 0.483 Thread 0x00000216346c12d0 Thread added: 0x0000021639a4b1a0
Event: 0.483 Thread 0x00000216346c12d0 Thread added: 0x00000216399ce030
Event: 0.678 Thread 0x00000216399ce030 Thread exited: 0x00000216399ce030
Event: 0.747 Thread 0x000002163411d2b0 Thread added: 0x000002163a4932f0
Event: 3.717 Thread 0x0000021639a4b1a0 Thread exited: 0x0000021639a4b1a0
Event: 3.725 Thread 0x0000021639d24000 Thread exited: 0x0000021639d24000
Event: 3.813 Thread 0x0000021634483e70 Thread exited: 0x0000021634483e70
Event: 4.233 Thread 0x00000216344837d0 Thread exited: 0x00000216344837d0
Event: 4.906 Thread 0x0000021634101380 Thread added: 0x000002163d3fd6d0
Event: 5.662 Thread 0x000002163d3fd6d0 Thread added: 0x000002163d3fd000
Event: 6.095 Thread 0x000002163d3fd000 Thread exited: 0x000002163d3fd000
Event: 7.912 Thread 0x000002163d3fd6d0 Thread exited: 0x000002163d3fd6d0
Event: 8.120 Thread 0x0000021634101e10 Thread added: 0x000002163a783680
Event: 8.130 Thread 0x00000216349c6a60 Thread added: 0x000002163a783d50
Event: 8.576 Thread 0x000002163a783d50 Thread exited: 0x000002163a783d50
Event: 10.790 Thread 0x000002163a783680 Thread exited: 0x000002163a783680
Event: 11.686 Thread 0x0000021634101e10 Thread added: 0x000002164017d3b0


Dynamic libraries:
0x00007ff7c0d30000 - 0x00007ff7c0d3a000 	C:\Program Files\Android\Android Studio2\jbr\bin\java.exe
0x00007ffc6e8a0000 - 0x00007ffc6eb05000 	C:\WINDOWS\SYSTEM32\ntdll.dll
0x00007ffc6e000000 - 0x00007ffc6e0c9000 	C:\WINDOWS\System32\KERNEL32.DLL
0x00007ffc6be60000 - 0x00007ffc6c248000 	C:\WINDOWS\System32\KERNELBASE.dll
0x00007ffc68290000 - 0x00007ffc6832e000 	C:\WINDOWS\SYSTEM32\apphelp.dll
0x00007ffbb9a70000 - 0x00007ffbb9f1f000 	C:\WINDOWS\SYSTEM32\AcLayers.DLL
0x00007ffc6d510000 - 0x00007ffc6d5b9000 	C:\WINDOWS\System32\msvcrt.dll
0x00007ffc6d5c0000 - 0x00007ffc6d62a000 	C:\WINDOWS\System32\SHLWAPI.dll
0x00007ffbbd230000 - 0x00007ffbbd2a8000 	C:\WINDOWS\SYSTEM32\AcGenral.DLL
0x00007ffc6df40000 - 0x00007ffc6dfe6000 	C:\WINDOWS\System32\sechost.dll
0x00007ffc6e650000 - 0x00007ffc6e81a000 	C:\WINDOWS\System32\USER32.dll
0x00007ffc6bcc0000 - 0x00007ffc6bce7000 	C:\WINDOWS\System32\win32u.dll
0x00007ffc6deb0000 - 0x00007ffc6dedb000 	C:\WINDOWS\System32\GDI32.dll
0x00007ffc6c3d0000 - 0x00007ffc6c507000 	C:\WINDOWS\System32\gdi32full.dll
0x00007ffc6bdb0000 - 0x00007ffc6be53000 	C:\WINDOWS\System32\msvcp_win.dll
0x00007ffc6b9f0000 - 0x00007ffc6bb3b000 	C:\WINDOWS\System32\ucrtbase.dll
0x00007ffc6cd40000 - 0x00007ffc6cede000 	C:\WINDOWS\System32\ole32.dll
0x00007ffc6e1f0000 - 0x00007ffc6e575000 	C:\WINDOWS\System32\combase.dll
0x00007ffc6e0d0000 - 0x00007ffc6e1e5000 	C:\WINDOWS\System32\RPCRT4.dll
0x00007ffc6d1e0000 - 0x00007ffc6d293000 	C:\WINDOWS\System32\advapi32.dll
0x00007ffc6d2a0000 - 0x00007ffc6d391000 	C:\WINDOWS\System32\shcore.dll
0x00007ffc6d660000 - 0x00007ffc6dda2000 	C:\WINDOWS\System32\SHELL32.dll
0x00007ffc6c250000 - 0x00007ffc6c3c4000 	C:\WINDOWS\System32\wintypes.dll
0x00007ffc6aee0000 - 0x00007ffc6af0b000 	C:\WINDOWS\SYSTEM32\USERENV.dll
0x00007ffc38c10000 - 0x00007ffc38c31000 	C:\WINDOWS\SYSTEM32\MPR.dll
0x00007ffc6ab70000 - 0x00007ffc6abb9000 	C:\WINDOWS\SYSTEM32\SspiCli.dll
0x00007ffc6e820000 - 0x00007ffc6e850000 	C:\WINDOWS\System32\IMM32.DLL
0x00007ffc13db0000 - 0x00007ffc13dc8000 	C:\Program Files\Android\Android Studio2\jbr\bin\jli.dll
0x00007ffbbdc40000 - 0x00007ffbbdc5b000 	C:\Program Files\Android\Android Studio2\jbr\bin\VCRUNTIME140.dll
0x00007ffc4dbe0000 - 0x00007ffc4de7a000 	C:\WINDOWS\WinSxS\amd64_microsoft.windows.common-controls_6595b64144ccf1df_6.0.26100.4202_none_3e0698d4e335f517\COMCTL32.dll
0x00007ffc323b0000 - 0x00007ffc323bc000 	C:\Program Files\Android\Android Studio2\jbr\bin\vcruntime140_1.dll
0x00007ffbe99c0000 - 0x00007ffbe9a4d000 	C:\Program Files\Android\Android Studio2\jbr\bin\msvcp140.dll
0x00007ffbb84c0000 - 0x00007ffbb914b000 	C:\Program Files\Android\Android Studio2\jbr\bin\server\jvm.dll
0x00007ffc6d3e0000 - 0x00007ffc6d454000 	C:\WINDOWS\System32\WS2_32.dll
0x00007ffc6a610000 - 0x00007ffc6a66e000 	C:\WINDOWS\SYSTEM32\POWRPROF.dll
0x00007ffc64be0000 - 0x00007ffc64c15000 	C:\WINDOWS\SYSTEM32\WINMM.dll
0x00007ffc62610000 - 0x00007ffc6261b000 	C:\WINDOWS\SYSTEM32\VERSION.dll
0x00007ffc6a5f0000 - 0x00007ffc6a604000 	C:\WINDOWS\SYSTEM32\UMPDC.dll
0x00007ffc6a8d0000 - 0x00007ffc6a8eb000 	C:\WINDOWS\SYSTEM32\kernel.appcore.dll
0x00007ffc31c80000 - 0x00007ffc31c8a000 	C:\Program Files\Android\Android Studio2\jbr\bin\jimage.dll
0x00007ffc69260000 - 0x00007ffc694a1000 	C:\WINDOWS\SYSTEM32\DBGHELP.DLL
0x00007ffc6d0f0000 - 0x00007ffc6d1d1000 	C:\WINDOWS\System32\OLEAUT32.dll
0x00007ffc4ccf0000 - 0x00007ffc4cd29000 	C:\WINDOWS\SYSTEM32\dbgcore.DLL
0x00007ffc6c510000 - 0x00007ffc6c5a9000 	C:\WINDOWS\System32\bcryptPrimitives.dll
0x00007ffbbd960000 - 0x00007ffbbd980000 	C:\Program Files\Android\Android Studio2\jbr\bin\java.dll
0x00007ffbbd510000 - 0x00007ffbbd528000 	C:\Program Files\Android\Android Studio2\jbr\bin\zip.dll
0x00007ffc69650000 - 0x00007ffc69ea7000 	C:\WINDOWS\SYSTEM32\windows.storage.dll
0x00007ffc6b900000 - 0x00007ffc6b92f000 	C:\WINDOWS\SYSTEM32\profapi.dll
0x00007ffc303a0000 - 0x00007ffc303b0000 	C:\Program Files\Android\Android Studio2\jbr\bin\net.dll
0x00007ffc657b0000 - 0x00007ffc658ce000 	C:\WINDOWS\SYSTEM32\WINHTTP.dll
0x00007ffc6ae40000 - 0x00007ffc6aeaa000 	C:\WINDOWS\system32\mswsock.dll
0x00007ffbbd460000 - 0x00007ffbbd476000 	C:\Program Files\Android\Android Studio2\jbr\bin\nio.dll
0x00007ffc29170000 - 0x00007ffc29180000 	C:\Program Files\Android\Android Studio2\jbr\bin\verify.dll

dbghelp: loaded successfully - version: 4.0.5 - missing functions: none
symbol engine: initialized successfully - sym options: 0x614 - pdb path: .;C:\Program Files\Android\Android Studio2\jbr\bin;C:\WINDOWS\SYSTEM32;C:\WINDOWS\WinSxS\amd64_microsoft.windows.common-controls_6595b64144ccf1df_6.0.26100.4202_none_3e0698d4e335f517;C:\Program Files\Android\Android Studio2\jbr\bin\server

VM Arguments:
java_command: org.jetbrains.kotlin.cli.jvm.K2JVMCompiler @C:\Users\frann\AndroidStudioProjects\Parcial-TP3\app\build\20250531_5355641966088773550.compiler.options
java_class_path (initial): C:\Users\frann\.gradle\caches\modules-2\files-2.1\org.jetbrains.kotlin\kotlin-compiler-embeddable\2.0.21\79346ed53db48b18312a472602eb5c057070c54d\kotlin-compiler-embeddable-2.0.21.jar;C:\Users\frann\.gradle\caches\modules-2\files-2.1\org.jetbrains.kotlin\kotlin-stdlib\2.0.21\618b539767b4899b4660a83006e052b63f1db551\kotlin-stdlib-2.0.21.jar;C:\Users\frann\.gradle\caches\modules-2\files-2.1\org.jetbrains.kotlin\kotlin-script-runtime\2.0.21\c9b044380ad41f89aa89aa896c2d32a8c0b2129d\kotlin-script-runtime-2.0.21.jar;C:\Users\frann\.gradle\caches\modules-2\files-2.1\org.jetbrains.kotlin\kotlin-reflect\1.6.10\1cbe9c92c12a94eea200d23c2bbaedaf3daf5132\kotlin-reflect-1.6.10.jar;C:\Users\frann\.gradle\caches\modules-2\files-2.1\org.jetbrains.kotlin\kotlin-daemon-embeddable\2.0.21\c9e933b23287de9b5a17e2116b4657bb91aea72c\kotlin-daemon-embeddable-2.0.21.jar;C:\Users\frann\.gradle\caches\modules-2\files-2.1\org.jetbrains.intellij.deps\trove4j\1.0.20200330\3afb14d5f9ceb459d724e907a21145e8ff394f02\trove4j-1.0.20200330.jar;C:\Users\frann\.gradle\caches\modules-2\files-2.1\org.jetbrains.kotlinx\kotlinx-coroutines-core-jvm\1.6.4\2c997cd1c0ef33f3e751d3831929aeff1390cb30\kotlinx-coroutines-core-jvm-1.6.4.jar;C:\Users\frann\.gradle\caches\modules-2\files-2.1\org.jetbrains\annotations\13.0\919f0dfe192fb4e063e7dacadee7f8bb9a2672a9\annotations-13.0.jar
Launcher Type: SUN_STANDARD

[Global flags]
     intx CICompilerCount                          = 15                                        {product} {ergonomic}
     uint ConcGCThreads                            = 6                                         {product} {ergonomic}
     uint G1ConcRefinementThreads                  = 23                                        {product} {ergonomic}
   size_t G1HeapRegionSize                         = 4194304                                   {product} {ergonomic}
    uintx GCDrainStackTargetSize                   = 64                                        {product} {ergonomic}
   size_t InitialHeapSize                          = 532676608                                 {product} {ergonomic}
   size_t MarkStackSize                            = 4194304                                   {product} {ergonomic}
   size_t MaxHeapSize                              = 8510242816                                {product} {ergonomic}
   size_t MaxNewSize                               = 5104467968                                {product} {ergonomic}
   size_t MinHeapDeltaBytes                        = 4194304                                   {product} {ergonomic}
   size_t MinHeapSize                              = 8388608                                   {product} {ergonomic}
    uintx NonNMethodCodeHeapSize                   = 8192380                                {pd product} {ergonomic}
    uintx NonProfiledCodeHeapSize                  = 121732930                              {pd product} {ergonomic}
    uintx ProfiledCodeHeapSize                     = 121732930                              {pd product} {ergonomic}
    uintx ReservedCodeCacheSize                    = 251658240                              {pd product} {ergonomic}
     bool SegmentedCodeCache                       = true                                      {product} {ergonomic}
   size_t SoftMaxHeapSize                          = 8510242816                             {manageable} {ergonomic}
     bool UseCompressedOops                        = true                           {product lp64_product} {ergonomic}
     bool UseG1GC                                  = true                                      {product} {ergonomic}
     bool UseLargePagesIndividualAllocation        = false                                  {pd product} {ergonomic}

Logging:
Log output configuration:
 #0: stdout all=warning uptime,level,tags foldmultilines=false
 #1: stderr all=off uptime,level,tags foldmultilines=false

Environment Variables:
PATH=C:\Python312\Scripts\;C:\Python312\;C:\WINDOWS\system32;C:\WINDOWS;C:\WINDOWS\System32\Wbem;C:\WINDOWS\System32\WindowsPowerShell\v1.0\;C:\WINDOWS\System32\OpenSSH\;C:\Program Files\dotnet\;C:\Program Files (x86)\NVIDIA Corporation\PhysX\Common;C:\Program Files\Git\cmd;C:\Program Files\Microsoft SQL Server\Client SDK\ODBC\170\Tools\Binn\;C:\Program Files\nodejs\;C:\ProgramData\chocolatey\bin;C:\Program Files (x86)\Microsoft SQL Server\160\Tools\Binn\;C:\Program Files\Microsoft SQL Server\160\Tools\Binn\;C:\Program Files\Microsoft SQL Server\160\DTS\Binn\;C:\Program Files (x86)\Microsoft SQL Server\160\DTS\Binn\;C:\Program Files\Microsoft SQL Server\150\Tools\Binn\;C:\Program Files\NVIDIA Corporation\NVIDIA App\NvDLISR;C:\Users\frann\AppData\Local\Microsoft\WindowsApps;C:\Users\frann\AppData\Local\Programs\Microsoft VS Code\bin;C:\Users\frann\AppData\Roaming\npm;C:\Users\frann\OneDrive\Documentos\flutter_windows_3.24.4-stable\flutter\bin\;C:\Users\frann\.dotnet\tools
USERNAME=frann
OS=Windows_NT
PROCESSOR_IDENTIFIER=Intel64 Family 6 Model 183 Stepping 1, GenuineIntel
TMP=C:\Users\frann\AppData\Local\Temp
TEMP=C:\Users\frann\AppData\Local\Temp




Periodic native trim disabled

JNI global refs:
JNI global refs: 25, weak refs: 0

JNI global refs memory usage: 835, weak refs: 833

Process memory usage:
Resident Set Size: 535952K (1% of 33235664K total physical memory with 4376204K free physical memory)

OOME stack traces (most recent first):
Classloader memory used:
Loader jdk.internal.loader.ClassLoaders$AppClassLoader                                 : 81030K
Loader bootstrap                                                                       : 11815K
Loader java.net.URLClassLoader                                                         : 2511K

---------------  S Y S T E M  ---------------

OS:
 Windows 11 , 64 bit Build 26100 (10.0.26100.4202)
OS uptime: 1 days 17:39 hours
Hyper-V role detected

CPU: total 32 (initial active 32) (16 cores per cpu, 2 threads per core) family 6 model 183 stepping 1 microcode 0x12f, cx8, cmov, fxsr, ht, mmx, 3dnowpref, sse, sse2, sse3, ssse3, sse4.1, sse4.2, popcnt, lzcnt, tsc, tscinvbit, avx, avx2, aes, erms, clmul, bmi1, bmi2, adx, sha, fma, vzeroupper, clflush, clflushopt, clwb, hv, serialize, rdtscp, rdpid, fsrm, f16c, cet_ibt, cet_ss
Processor Information for processor 0
  Max Mhz: 2200, Current Mhz: 2200, Mhz Limit: 2200
Processor Information for processor 1
  Max Mhz: 2200, Current Mhz: 1466, Mhz Limit: 2200
Processor Information for processor 2
  Max Mhz: 2200, Current Mhz: 1466, Mhz Limit: 2200
Processor Information for processor 3
  Max Mhz: 2200, Current Mhz: 2200, Mhz Limit: 2200
Processor Information for processor 4
  Max Mhz: 2200, Current Mhz: 2200, Mhz Limit: 2200
Processor Information for processor 5
  Max Mhz: 2200, Current Mhz: 2200, Mhz Limit: 2200
Processor Information for processor 6
  Max Mhz: 2200, Current Mhz: 2200, Mhz Limit: 2200
Processor Information for processor 7
  Max Mhz: 2200, Current Mhz: 1466, Mhz Limit: 2200
Processor Information for processor 8
  Max Mhz: 2200, Current Mhz: 2200, Mhz Limit: 2200
Processor Information for processor 9
  Max Mhz: 2200, Current Mhz: 1466, Mhz Limit: 2200
Processor Information for processor 10
  Max Mhz: 2200, Current Mhz: 2200, Mhz Limit: 2200
Processor Information for processor 11
  Max Mhz: 2200, Current Mhz: 2200, Mhz Limit: 2200
Processor Information for processor 12
  Max Mhz: 2200, Current Mhz: 2200, Mhz Limit: 2200
Processor Information for processor 13
  Max Mhz: 2200, Current Mhz: 2200, Mhz Limit: 2200
Processor Information for processor 14
  Max Mhz: 2200, Current Mhz: 2200, Mhz Limit: 2200
Processor Information for processor 15
  Max Mhz: 2200, Current Mhz: 2200, Mhz Limit: 2200
Processor Information for processor 16
  Max Mhz: 2200, Current Mhz: 1512, Mhz Limit: 2200
Processor Information for processor 17
  Max Mhz: 2200, Current Mhz: 1512, Mhz Limit: 2200
Processor Information for processor 18
  Max Mhz: 2200, Current Mhz: 1512, Mhz Limit: 2200
Processor Information for processor 19
  Max Mhz: 2200, Current Mhz: 2200, Mhz Limit: 2200
Processor Information for processor 20
  Max Mhz: 2200, Current Mhz: 1512, Mhz Limit: 2200
Processor Information for processor 21
  Max Mhz: 2200, Current Mhz: 1512, Mhz Limit: 2200
Processor Information for processor 22
  Max Mhz: 2200, Current Mhz: 1512, Mhz Limit: 2200
Processor Information for processor 23
  Max Mhz: 2200, Current Mhz: 1512, Mhz Limit: 2200
Processor Information for processor 24
  Max Mhz: 2200, Current Mhz: 1512, Mhz Limit: 2200
Processor Information for processor 25
  Max Mhz: 2200, Current Mhz: 1512, Mhz Limit: 2200
Processor Information for processor 26
  Max Mhz: 2200, Current Mhz: 1512, Mhz Limit: 2200
Processor Information for processor 27
  Max Mhz: 2200, Current Mhz: 1512, Mhz Limit: 2200
Processor Information for processor 28
  Max Mhz: 2200, Current Mhz: 2200, Mhz Limit: 2200
Processor Information for processor 29
  Max Mhz: 2200, Current Mhz: 1512, Mhz Limit: 2200
Processor Information for processor 30
  Max Mhz: 2200, Current Mhz: 1512, Mhz Limit: 2200
Processor Information for processor 31
  Max Mhz: 2200, Current Mhz: 1512, Mhz Limit: 2200

Memory: 4k page, system-wide physical 32456M (4273M free)
TotalPageFile size 36168M (AvailPageFile size 8488M)
current process WorkingSet (physical memory assigned to process): 523M, peak: 536M
current process commit charge ("private bytes"): 586M, peak: 659M

vm_info: OpenJDK 64-Bit Server VM (21.0.6+-13368085-b895.109) for windows-amd64 JRE (21.0.6+-13368085-b895.109), built on 2025-04-16T17:01:31Z by "builder" with MS VC++ 16.10 / 16.11 (VS2019)

END.
